<?xml version='1.0'?> 
<!DOCTYPE coverage SYSTEM "http://cobertura.sourceforge.net/xml/coverage-04.dtd">
<!-- Generated by simplecov-cobertura version 2.1.0 (https://github.com/dashingrocket/simplecov-cobertura) -->
<coverage line-rate="0.99" lines-covered="653" lines-valid="662" complexity="0" version="0" timestamp="1696938694">
  <sources>
    <source>/Users/thinei/Documents/workspace/1hris_microservice/auth_microservice</source>
  </sources>
  <packages>
    <package name="auth_microservice" line-rate="0.99" complexity="0">
      <classes>
        <class name="registrations_controller" filename="app/controllers/api/v1/auth/registrations_controller.rb" line-rate="1.0" complexity="0">
          <methods/>
          <lines>
            <line number="3" hits="1"/>
            <line number="6" hits="1"/>
            <line number="7" hits="1"/>
            <line number="9" hits="1"/>
            <line number="10" hits="3"/>
            <line number="11" hits="3"/>
            <line number="13" hits="3"/>
            <line number="14" hits="1"/>
            <line number="20" hits="2"/>
          </lines>
        </class>
        <class name="sessions_controller" filename="app/controllers/api/v1/auth/sessions_controller.rb" line-rate="0.95" complexity="0">
          <methods/>
          <lines>
            <line number="3" hits="1"/>
            <line number="5" hits="1"/>
            <line number="6" hits="1"/>
            <line number="8" hits="1"/>
            <line number="9" hits="14"/>
            <line number="12" hits="1"/>
            <line number="14" hits="1"/>
            <line number="15" hits="12"/>
            <line number="22" hits="1"/>
            <line number="23" hits="2"/>
            <line number="28" hits="1"/>
            <line number="29" hits="2"/>
            <line number="31" hits="2"/>
            <line number="33" hits="2"/>
            <line number="36" hits="1"/>
            <line number="42" hits="2"/>
            <line number="43" hits="2"/>
            <line number="48" hits="0"/>
            <line number="54" hits="2"/>
            <line number="57" hits="1"/>
            <line number="58" hits="14"/>
          </lines>
        </class>
        <class name="users_controller" filename="app/controllers/api/v1/users_controller.rb" line-rate="0.9" complexity="0">
          <methods/>
          <lines>
            <line number="1" hits="1"/>
            <line number="2" hits="1"/>
            <line number="3" hits="1"/>
            <line number="5" hits="1"/>
            <line number="6" hits="1"/>
            <line number="7" hits="1"/>
            <line number="10" hits="1"/>
            <line number="12" hits="1"/>
            <line number="13" hits="1"/>
            <line number="14" hits="0"/>
            <line number="15" hits="0"/>
            <line number="19" hits="1"/>
            <line number="20" hits="2"/>
            <line number="23" hits="1"/>
            <line number="24" hits="2"/>
            <line number="27" hits="1"/>
            <line number="28" hits="2"/>
            <line number="29" hits="2"/>
            <line number="30" hits="1"/>
            <line number="32" hits="1"/>
            <line number="36" hits="1"/>
            <line number="38" hits="2"/>
            <line number="39" hits="2"/>
            <line number="40" hits="1"/>
            <line number="42" hits="1"/>
            <line number="44" hits="0"/>
            <line number="45" hits="0"/>
            <line number="49" hits="1"/>
            <line number="51" hits="1"/>
            <line number="52" hits="4"/>
            <line number="53" hits="2"/>
            <line number="54" hits="2"/>
            <line number="56" hits="2"/>
            <line number="57" hits="2"/>
            <line number="59" hits="0"/>
            <line number="63" hits="1"/>
            <line number="65" hits="6"/>
            <line number="69" hits="6"/>
            <line number="70" hits="6"/>
            <line number="73" hits="1"/>
            <line number="74" hits="2"/>
            <line number="77" hits="1"/>
            <line number="78" hits="5"/>
            <line number="81" hits="1"/>
            <line number="82" hits="6"/>
            <line number="85" hits="1"/>
            <line number="86" hits="2"/>
            <line number="89" hits="1"/>
            <line number="90" hits="7"/>
          </lines>
        </class>
        <class name="application_controller" filename="app/controllers/application_controller.rb" line-rate="1.0" complexity="0">
          <methods/>
          <lines>
            <line number="1" hits="1"/>
            <line number="2" hits="1"/>
            <line number="4" hits="1"/>
            <line number="6" hits="1"/>
            <line number="8" hits="1"/>
            <line number="10" hits="1"/>
            <line number="11" hits="18"/>
            <line number="12" hits="18"/>
            <line number="15" hits="1"/>
            <line number="16" hits="2"/>
          </lines>
        </class>
        <class name="rack_sessions_fix" filename="app/controllers/concerns/rack_sessions_fix.rb" line-rate="0.91" complexity="0">
          <methods/>
          <lines>
            <line number="1" hits="1"/>
            <line number="2" hits="1"/>
            <line number="4" hits="1"/>
            <line number="5" hits="1"/>
            <line number="6" hits="0"/>
            <line number="13" hits="1"/>
            <line number="16" hits="1"/>
            <line number="17" hits="1"/>
            <line number="19" hits="1"/>
            <line number="21" hits="1"/>
            <line number="22" hits="3"/>
          </lines>
        </class>
        <class name="application_record" filename="app/models/application_record.rb" line-rate="1.0" complexity="0">
          <methods/>
          <lines>
            <line number="1" hits="1"/>
            <line number="2" hits="1"/>
          </lines>
        </class>
        <class name="role" filename="app/models/role.rb" line-rate="1.0" complexity="0">
          <methods/>
          <lines>
            <line number="1" hits="1"/>
            <line number="2" hits="1"/>
            <line number="4" hits="1"/>
            <line number="8" hits="1"/>
            <line number="12" hits="1"/>
          </lines>
        </class>
        <class name="user" filename="app/models/user.rb" line-rate="1.0" complexity="0">
          <methods/>
          <lines>
            <line number="1" hits="1"/>
            <line number="2" hits="1"/>
            <line number="3" hits="1"/>
            <line number="5" hits="1"/>
            <line number="14" hits="1"/>
            <line number="15" hits="1"/>
            <line number="16" hits="1"/>
            <line number="21" hits="1"/>
            <line number="23" hits="1"/>
            <line number="24" hits="28"/>
            <line number="25" hits="26"/>
            <line number="27" hits="2"/>
            <line number="28" hits="2"/>
            <line number="32" hits="1"/>
            <line number="34" hits="1"/>
            <line number="36" hits="1"/>
            <line number="37" hits="21"/>
            <line number="40" hits="1"/>
            <line number="41" hits="140"/>
          </lines>
        </class>
        <class name="application_policy" filename="app/policies/application_policy.rb" line-rate="1.0" complexity="0">
          <methods/>
          <lines>
            <line number="3" hits="1"/>
            <line number="4" hits="1"/>
            <line number="6" hits="1"/>
            <line number="7" hits="2"/>
            <line number="8" hits="2"/>
            <line number="11" hits="1"/>
            <line number="12" hits="1"/>
            <line number="15" hits="1"/>
            <line number="16" hits="1"/>
            <line number="19" hits="1"/>
            <line number="20" hits="1"/>
            <line number="21" hits="1"/>
            <line number="22" hits="1"/>
            <line number="25" hits="1"/>
            <line number="26" hits="1"/>
            <line number="29" hits="1"/>
            <line number="31" hits="1"/>
          </lines>
        </class>
        <class name="user_policy" filename="app/policies/user_policy.rb" line-rate="1.0" complexity="0">
          <methods/>
          <lines>
            <line number="1" hits="1"/>
            <line number="2" hits="1"/>
            <line number="4" hits="1"/>
            <line number="5" hits="8"/>
            <line number="7" hits="8"/>
            <line number="8" hits="8"/>
            <line number="11" hits="1"/>
            <line number="12" hits="4"/>
            <line number="15" hits="1"/>
            <line number="16" hits="4"/>
          </lines>
        </class>
        <class name="user_serializer" filename="app/serializers/user_serializer.rb" line-rate="1.0" complexity="0">
          <methods/>
          <lines>
            <line number="1" hits="1"/>
            <line number="2" hits="1"/>
            <line number="3" hits="1"/>
            <line number="5" hits="1"/>
            <line number="6" hits="19"/>
          </lines>
        </class>
        <class name="application" filename="config/application.rb" line-rate="1.0" complexity="0">
          <methods/>
          <lines>
            <line number="1" hits="1"/>
            <line number="3" hits="1"/>
            <line number="4" hits="1"/>
            <line number="5" hits="1"/>
            <line number="6" hits="1"/>
            <line number="9" hits="1"/>
            <line number="11" hits="1"/>
            <line number="12" hits="1"/>
            <line number="14" hits="1"/>
            <line number="27" hits="1"/>
            <line number="29" hits="1"/>
            <line number="32" hits="2"/>
            <line number="35" hits="1"/>
            <line number="37" hits="1"/>
            <line number="38" hits="1"/>
            <line number="39" hits="1"/>
          </lines>
        </class>
        <class name="boot" filename="config/boot.rb" line-rate="1.0" complexity="0">
          <methods/>
          <lines>
            <line number="1" hits="1"/>
            <line number="3" hits="1"/>
            <line number="4" hits="1"/>
          </lines>
        </class>
        <class name="environment" filename="config/environment.rb" line-rate="1.0" complexity="0">
          <methods/>
          <lines>
            <line number="2" hits="1"/>
            <line number="5" hits="1"/>
          </lines>
        </class>
        <class name="test" filename="config/environments/test.rb" line-rate="1.0" complexity="0">
          <methods/>
          <lines>
            <line number="1" hits="1"/>
            <line number="8" hits="1"/>
            <line number="12" hits="1"/>
            <line number="17" hits="1"/>
            <line number="20" hits="1"/>
            <line number="21" hits="1"/>
            <line number="26" hits="1"/>
            <line number="27" hits="1"/>
            <line number="28" hits="1"/>
            <line number="31" hits="1"/>
            <line number="34" hits="1"/>
            <line number="37" hits="1"/>
            <line number="39" hits="1"/>
            <line number="44" hits="1"/>
            <line number="47" hits="1"/>
            <line number="50" hits="1"/>
            <line number="53" hits="1"/>
          </lines>
        </class>
        <class name="cors" filename="config/initializers/cors.rb" line-rate="1.0" complexity="0">
          <methods/>
          <lines>
            <line number="8" hits="1"/>
            <line number="9" hits="1"/>
            <line number="10" hits="1"/>
            <line number="12" hits="1"/>
          </lines>
        </class>
        <class name="devise" filename="config/initializers/devise.rb" line-rate="1.0" complexity="0">
          <methods/>
          <lines>
            <line number="11" hits="1"/>
            <line number="27" hits="1"/>
            <line number="39" hits="1"/>
            <line number="61" hits="1"/>
            <line number="66" hits="1"/>
            <line number="100" hits="1"/>
            <line number="126" hits="1"/>
            <line number="160" hits="1"/>
            <line number="170" hits="1"/>
            <line number="181" hits="1"/>
            <line number="186" hits="1"/>
            <line number="227" hits="1"/>
            <line number="267" hits="1"/>
            <line number="270" hits="1"/>
            <line number="306" hits="1"/>
            <line number="307" hits="1"/>
            <line number="315" hits="1"/>
            <line number="316" hits="1"/>
            <line number="317" hits="1"/>
            <line number="320" hits="1"/>
            <line number="323" hits="1"/>
          </lines>
        </class>
        <class name="filter_parameter_logging" filename="config/initializers/filter_parameter_logging.rb" line-rate="1.0" complexity="0">
          <methods/>
          <lines>
            <line number="6" hits="1"/>
          </lines>
        </class>
        <class name="generators" filename="config/initializers/generators.rb" line-rate="1.0" complexity="0">
          <methods/>
          <lines>
            <line number="2" hits="1"/>
            <line number="3" hits="1"/>
          </lines>
        </class>
        <class name="inflections" filename="config/initializers/inflections.rb" line-rate="1.0" complexity="0">
          <methods/>
          <lines/>
        </class>
        <class name="pagy" filename="config/initializers/pagy.rb" line-rate="1.0" complexity="0">
          <methods/>
          <lines>
            <line number="2" hits="1"/>
            <line number="3" hits="1"/>
            <line number="4" hits="1"/>
            <line number="5" hits="1"/>
            <line number="6" hits="1"/>
          </lines>
        </class>
        <class name="rolify" filename="config/initializers/rolify.rb" line-rate="1.0" complexity="0">
          <methods/>
          <lines>
            <line number="1" hits="1"/>
          </lines>
        </class>
        <class name="rswag_api" filename="config/initializers/rswag_api.rb" line-rate="1.0" complexity="0">
          <methods/>
          <lines>
            <line number="1" hits="1"/>
            <line number="7" hits="1"/>
          </lines>
        </class>
        <class name="rswag_ui" filename="config/initializers/rswag_ui.rb" line-rate="1.0" complexity="0">
          <methods/>
          <lines>
            <line number="1" hits="1"/>
            <line number="11" hits="1"/>
          </lines>
        </class>
        <class name="routes" filename="config/routes.rb" line-rate="0.95" complexity="0">
          <methods/>
          <lines>
            <line number="1" hits="1"/>
            <line number="2" hits="1"/>
            <line number="3" hits="1"/>
            <line number="5" hits="1"/>
            <line number="7" hits="1"/>
            <line number="8" hits="0"/>
            <line number="11" hits="1"/>
            <line number="13" hits="1"/>
            <line number="14" hits="1"/>
            <line number="15" hits="1"/>
            <line number="16" hits="1"/>
            <line number="17" hits="1"/>
            <line number="18" hits="1"/>
            <line number="19" hits="1"/>
            <line number="22" hits="1"/>
            <line number="23" hits="1"/>
            <line number="28" hits="1"/>
            <line number="29" hits="1"/>
            <line number="30" hits="1"/>
          </lines>
        </class>
        <class name="catch_rack_errors" filename="lib/middleware/catch_rack_errors.rb" line-rate="1.0" complexity="0">
          <methods/>
          <lines>
            <line number="1" hits="1"/>
            <line number="2" hits="1"/>
            <line number="3" hits="1"/>
            <line number="4" hits="1"/>
            <line number="7" hits="1"/>
            <line number="9" hits="29"/>
            <line number="10" hits="1"/>
            <line number="12" hits="1"/>
          </lines>
        </class>
        <class name="roles" filename="spec/factories/roles.rb" line-rate="1.0" complexity="0">
          <methods/>
          <lines>
            <line number="1" hits="1"/>
            <line number="2" hits="1"/>
            <line number="3" hits="2"/>
          </lines>
        </class>
        <class name="users" filename="spec/factories/users.rb" line-rate="1.0" complexity="0">
          <methods/>
          <lines>
            <line number="1" hits="1"/>
            <line number="2" hits="1"/>
            <line number="3" hits="33"/>
            <line number="4" hits="33"/>
            <line number="5" hits="34"/>
          </lines>
        </class>
        <class name="role_spec" filename="spec/models/role_spec.rb" line-rate="1.0" complexity="0">
          <methods/>
          <lines>
            <line number="1" hits="1"/>
            <line number="3" hits="1"/>
            <line number="4" hits="2"/>
            <line number="5" hits="2"/>
            <line number="7" hits="1"/>
            <line number="8" hits="2"/>
            <line number="9" hits="2"/>
            <line number="12" hits="1"/>
            <line number="13" hits="1"/>
            <line number="14" hits="1"/>
            <line number="15" hits="1"/>
            <line number="19" hits="1"/>
            <line number="20" hits="2"/>
            <line number="23" hits="1"/>
            <line number="24" hits="1"/>
            <line number="25" hits="1"/>
          </lines>
        </class>
        <class name="user_spec" filename="spec/models/user_spec.rb" line-rate="1.0" complexity="0">
          <methods/>
          <lines>
            <line number="1" hits="1"/>
            <line number="3" hits="1"/>
            <line number="4" hits="11"/>
            <line number="6" hits="1"/>
            <line number="7" hits="1"/>
            <line number="8" hits="1"/>
            <line number="12" hits="1"/>
            <line number="13" hits="1"/>
            <line number="14" hits="1"/>
            <line number="15" hits="1"/>
            <line number="18" hits="1"/>
            <line number="19" hits="1"/>
            <line number="20" hits="1"/>
            <line number="23" hits="1"/>
            <line number="24" hits="1"/>
            <line number="25" hits="1"/>
            <line number="28" hits="1"/>
            <line number="29" hits="1"/>
            <line number="30" hits="1"/>
            <line number="34" hits="1"/>
            <line number="35" hits="1"/>
            <line number="36" hits="1"/>
            <line number="37" hits="1"/>
            <line number="41" hits="1"/>
            <line number="42" hits="1"/>
            <line number="43" hits="1"/>
            <line number="44" hits="1"/>
            <line number="47" hits="1"/>
            <line number="48" hits="1"/>
            <line number="49" hits="1"/>
            <line number="52" hits="1"/>
            <line number="53" hits="1"/>
            <line number="54" hits="1"/>
            <line number="57" hits="1"/>
            <line number="58" hits="1"/>
            <line number="59" hits="1"/>
            <line number="63" hits="1"/>
            <line number="64" hits="1"/>
            <line number="65" hits="1"/>
            <line number="66" hits="1"/>
            <line number="70" hits="1"/>
            <line number="71" hits="3"/>
            <line number="73" hits="1"/>
            <line number="74" hits="1"/>
            <line number="75" hits="1"/>
            <line number="76" hits="1"/>
            <line number="80" hits="1"/>
            <line number="81" hits="1"/>
            <line number="82" hits="1"/>
            <line number="83" hits="1"/>
            <line number="84" hits="1"/>
          </lines>
        </class>
        <class name="application_policy_spec" filename="spec/policies/application_policy_spec.rb" line-rate="1.0" complexity="0">
          <methods/>
          <lines>
            <line number="3" hits="1"/>
            <line number="5" hits="1"/>
            <line number="6" hits="3"/>
            <line number="7" hits="3"/>
            <line number="8" hits="3"/>
            <line number="10" hits="1"/>
            <line number="11" hits="1"/>
            <line number="12" hits="1"/>
            <line number="16" hits="1"/>
            <line number="17" hits="1"/>
            <line number="18" hits="1"/>
            <line number="22" hits="1"/>
            <line number="23" hits="2"/>
            <line number="24" hits="2"/>
            <line number="25" hits="2"/>
            <line number="27" hits="1"/>
            <line number="28" hits="1"/>
            <line number="29" hits="2"/>
          </lines>
        </class>
        <class name="user_policy_spec" filename="spec/policies/user_policy_spec.rb" line-rate="1.0" complexity="0">
          <methods/>
          <lines>
            <line number="1" hits="1"/>
            <line number="3" hits="1"/>
            <line number="4" hits="3"/>
            <line number="6" hits="3"/>
            <line number="8" hits="1"/>
            <line number="9" hits="1"/>
            <line number="10" hits="1"/>
            <line number="11" hits="1"/>
            <line number="14" hits="1"/>
            <line number="15" hits="1"/>
          </lines>
        </class>
        <class name="rails_helper" filename="spec/rails_helper.rb" line-rate="0.95" complexity="0">
          <methods/>
          <lines>
            <line number="2" hits="1"/>
            <line number="3" hits="1"/>
            <line number="4" hits="1"/>
            <line number="5" hits="1"/>
            <line number="7" hits="1"/>
            <line number="8" hits="1"/>
            <line number="10" hits="1"/>
            <line number="11" hits="1"/>
            <line number="32" hits="1"/>
            <line number="34" hits="0"/>
            <line number="36" hits="1"/>
            <line number="38" hits="1"/>
            <line number="43" hits="1"/>
            <line number="61" hits="1"/>
            <line number="64" hits="1"/>
            <line number="69" hits="1"/>
            <line number="70" hits="1"/>
            <line number="71" hits="1"/>
            <line number="72" hits="1"/>
          </lines>
        </class>
        <class name="registrations_spec" filename="spec/requests/api/v1/auth/registrations_spec.rb" line-rate="1.0" complexity="0">
          <methods/>
          <lines>
            <line number="1" hits="1"/>
            <line number="3" hits="1"/>
            <line number="4" hits="1"/>
            <line number="5" hits="1"/>
            <line number="6" hits="1"/>
            <line number="7" hits="1"/>
            <line number="9" hits="1"/>
            <line number="27" hits="1"/>
            <line number="28" hits="2"/>
            <line number="29" hits="2"/>
            <line number="31" hits="1"/>
            <line number="32" hits="1"/>
            <line number="33" hits="1"/>
            <line number="34" hits="1"/>
            <line number="35" hits="1"/>
            <line number="36" hits="1"/>
            <line number="37" hits="1"/>
            <line number="38" hits="1"/>
            <line number="42" hits="1"/>
            <line number="43" hits="2"/>
            <line number="44" hits="2"/>
            <line number="46" hits="1"/>
            <line number="47" hits="1"/>
            <line number="48" hits="1"/>
            <line number="49" hits="1"/>
            <line number="50" hits="1"/>
            <line number="51" hits="1"/>
            <line number="55" hits="1"/>
            <line number="56" hits="2"/>
            <line number="57" hits="2"/>
            <line number="59" hits="1"/>
            <line number="60" hits="1"/>
            <line number="61" hits="1"/>
            <line number="62" hits="1"/>
            <line number="63" hits="1"/>
            <line number="64" hits="1"/>
          </lines>
        </class>
        <class name="sessions_spec" filename="spec/requests/api/v1/auth/sessions_spec.rb" line-rate="1.0" complexity="0">
          <methods/>
          <lines>
            <line number="1" hits="1"/>
            <line number="3" hits="1"/>
            <line number="4" hits="1"/>
            <line number="8" hits="1"/>
            <line number="9" hits="1"/>
            <line number="10" hits="1"/>
            <line number="11" hits="1"/>
            <line number="12" hits="1"/>
            <line number="26" hits="1"/>
            <line number="27" hits="2"/>
            <line number="28" hits="1"/>
            <line number="30" hits="1"/>
            <line number="37" hits="1"/>
            <line number="38" hits="1"/>
            <line number="39" hits="1"/>
            <line number="40" hits="1"/>
            <line number="41" hits="1"/>
            <line number="42" hits="1"/>
            <line number="46" hits="1"/>
            <line number="47" hits="1"/>
            <line number="49" hits="1"/>
            <line number="56" hits="1"/>
            <line number="57" hits="1"/>
            <line number="58" hits="1"/>
            <line number="59" hits="1"/>
            <line number="60" hits="1"/>
            <line number="66" hits="1"/>
            <line number="67" hits="1"/>
            <line number="69" hits="1"/>
            <line number="76" hits="1"/>
            <line number="77" hits="1"/>
            <line number="78" hits="1"/>
            <line number="79" hits="1"/>
            <line number="80" hits="1"/>
            <line number="86" hits="1"/>
            <line number="87" hits="1"/>
            <line number="88" hits="1"/>
            <line number="89" hits="1"/>
            <line number="90" hits="1"/>
            <line number="91" hits="1"/>
            <line number="93" hits="1"/>
            <line number="94" hits="1"/>
            <line number="95" hits="1"/>
            <line number="96" hits="1"/>
            <line number="99" hits="2"/>
            <line number="101" hits="1"/>
            <line number="102" hits="1"/>
            <line number="103" hits="1"/>
            <line number="104" hits="1"/>
            <line number="105" hits="1"/>
            <line number="109" hits="1"/>
            <line number="110" hits="1"/>
            <line number="111" hits="1"/>
            <line number="114" hits="1"/>
            <line number="115" hits="1"/>
            <line number="116" hits="1"/>
            <line number="117" hits="1"/>
            <line number="118" hits="1"/>
            <line number="124" hits="1"/>
            <line number="125" hits="1"/>
            <line number="131" hits="1"/>
          </lines>
        </class>
        <class name="users_spec" filename="spec/requests/api/v1/users_spec.rb" line-rate="1.0" complexity="0">
          <methods/>
          <lines>
            <line number="1" hits="1"/>
            <line number="2" hits="1"/>
            <line number="4" hits="1"/>
            <line number="5" hits="1"/>
            <line number="6" hits="1"/>
            <line number="7" hits="1"/>
            <line number="8" hits="1"/>
            <line number="9" hits="1"/>
            <line number="10" hits="1"/>
            <line number="11" hits="1"/>
            <line number="12" hits="1"/>
            <line number="13" hits="1"/>
            <line number="15" hits="1"/>
            <line number="16" hits="1"/>
            <line number="17" hits="1"/>
            <line number="18" hits="1"/>
            <line number="21" hits="1"/>
            <line number="22" hits="1"/>
            <line number="24" hits="2"/>
            <line number="25" hits="2"/>
            <line number="26" hits="1"/>
            <line number="27" hits="1"/>
            <line number="28" hits="1"/>
            <line number="29" hits="1"/>
            <line number="36" hits="1"/>
            <line number="37" hits="1"/>
            <line number="38" hits="1"/>
            <line number="39" hits="1"/>
            <line number="40" hits="1"/>
            <line number="41" hits="1"/>
            <line number="43" hits="1"/>
            <line number="44" hits="1"/>
            <line number="45" hits="1"/>
            <line number="46" hits="1"/>
            <line number="49" hits="1"/>
            <line number="50" hits="1"/>
            <line number="53" hits="2"/>
            <line number="55" hits="1"/>
            <line number="56" hits="1"/>
            <line number="57" hits="1"/>
            <line number="58" hits="1"/>
            <line number="65" hits="1"/>
            <line number="66" hits="1"/>
            <line number="67" hits="1"/>
            <line number="68" hits="1"/>
            <line number="70" hits="1"/>
            <line number="71" hits="1"/>
            <line number="72" hits="1"/>
            <line number="74" hits="1"/>
            <line number="81" hits="1"/>
            <line number="82" hits="1"/>
            <line number="83" hits="1"/>
            <line number="84" hits="1"/>
            <line number="85" hits="1"/>
            <line number="87" hits="1"/>
            <line number="89" hits="2"/>
            <line number="90" hits="2"/>
            <line number="92" hits="1"/>
            <line number="94" hits="1"/>
            <line number="98" hits="1"/>
            <line number="99" hits="1"/>
            <line number="100" hits="1"/>
            <line number="101" hits="1"/>
            <line number="102" hits="1"/>
            <line number="103" hits="1"/>
            <line number="104" hits="1"/>
            <line number="108" hits="1"/>
            <line number="109" hits="1"/>
            <line number="110" hits="1"/>
            <line number="111" hits="1"/>
            <line number="114" hits="1"/>
            <line number="115" hits="1"/>
            <line number="118" hits="2"/>
            <line number="119" hits="2"/>
            <line number="121" hits="1"/>
            <line number="122" hits="1"/>
            <line number="123" hits="1"/>
            <line number="124" hits="1"/>
            <line number="125" hits="1"/>
            <line number="131" hits="1"/>
            <line number="132" hits="1"/>
            <line number="133" hits="1"/>
            <line number="134" hits="1"/>
            <line number="136" hits="1"/>
            <line number="137" hits="1"/>
            <line number="138" hits="1"/>
            <line number="139" hits="1"/>
            <line number="141" hits="1"/>
            <line number="142" hits="1"/>
            <line number="143" hits="1"/>
            <line number="144" hits="1"/>
            <line number="145" hits="1"/>
            <line number="147" hits="1"/>
            <line number="148" hits="1"/>
            <line number="151" hits="2"/>
            <line number="152" hits="1"/>
            <line number="154" hits="1"/>
            <line number="158" hits="1"/>
            <line number="159" hits="1"/>
            <line number="162" hits="1"/>
            <line number="163" hits="1"/>
            <line number="164" hits="1"/>
            <line number="165" hits="1"/>
            <line number="166" hits="1"/>
            <line number="167" hits="1"/>
            <line number="168" hits="1"/>
            <line number="172" hits="1"/>
            <line number="173" hits="1"/>
            <line number="174" hits="1"/>
            <line number="175" hits="1"/>
            <line number="178" hits="2"/>
            <line number="179" hits="2"/>
            <line number="181" hits="1"/>
            <line number="182" hits="1"/>
            <line number="185" hits="1"/>
            <line number="186" hits="1"/>
            <line number="187" hits="1"/>
            <line number="188" hits="1"/>
            <line number="189" hits="1"/>
            <line number="195" hits="1"/>
            <line number="196" hits="1"/>
            <line number="197" hits="1"/>
            <line number="198" hits="1"/>
            <line number="199" hits="1"/>
            <line number="201" hits="1"/>
            <line number="202" hits="1"/>
            <line number="203" hits="1"/>
            <line number="209" hits="1"/>
            <line number="210" hits="1"/>
            <line number="211" hits="1"/>
            <line number="212" hits="1"/>
            <line number="215" hits="1"/>
            <line number="216" hits="1"/>
            <line number="219" hits="2"/>
            <line number="221" hits="1"/>
            <line number="223" hits="1"/>
            <line number="224" hits="1"/>
            <line number="228" hits="1"/>
            <line number="229" hits="1"/>
            <line number="230" hits="1"/>
            <line number="231" hits="1"/>
            <line number="234" hits="1"/>
            <line number="235" hits="1"/>
            <line number="238" hits="2"/>
            <line number="240" hits="1"/>
            <line number="241" hits="1"/>
            <line number="242" hits="1"/>
            <line number="248" hits="1"/>
            <line number="249" hits="1"/>
            <line number="250" hits="1"/>
            <line number="251" hits="1"/>
            <line number="252" hits="1"/>
            <line number="254" hits="1"/>
            <line number="255" hits="1"/>
            <line number="256" hits="1"/>
            <line number="262" hits="1"/>
            <line number="263" hits="1"/>
            <line number="264" hits="1"/>
            <line number="265" hits="1"/>
            <line number="268" hits="1"/>
            <line number="269" hits="1"/>
            <line number="272" hits="2"/>
            <line number="274" hits="1"/>
            <line number="276" hits="1"/>
            <line number="280" hits="1"/>
            <line number="281" hits="1"/>
            <line number="282" hits="1"/>
            <line number="283" hits="1"/>
            <line number="286" hits="1"/>
            <line number="287" hits="1"/>
            <line number="290" hits="2"/>
            <line number="292" hits="1"/>
            <line number="293" hits="1"/>
            <line number="294" hits="1"/>
            <line number="300" hits="1"/>
            <line number="301" hits="10"/>
            <line number="307" hits="10"/>
          </lines>
        </class>
        <class name="swagger_helper" filename="spec/swagger_helper.rb" line-rate="1.0" complexity="0">
          <methods/>
          <lines>
            <line number="3" hits="1"/>
            <line number="5" hits="1"/>
            <line number="9" hits="1"/>
            <line number="17" hits="1"/>
            <line number="87" hits="1"/>
          </lines>
        </class>
      </classes>
    </package>
  </packages>
</coverage>