<?xml version='1.0'?> 
<!DOCTYPE coverage SYSTEM "http://cobertura.sourceforge.net/xml/coverage-04.dtd">
<!-- Generated by simplecov-cobertura version 2.1.0 (https://github.com/dashingrocket/simplecov-cobertura) -->
<coverage line-rate="0.75" lines-covered="196" lines-valid="263" complexity="0" version="0" timestamp="1694350765">
  <sources>
    <source>/Users/thinei/Documents/workspace/hris_user_service/auth_microservice</source>
  </sources>
  <packages>
    <package name="auth_microservice" line-rate="0.75" complexity="0">
      <classes>
        <class name="application_record" filename="app/models/application_record.rb" line-rate="1.0" complexity="0">
          <methods/>
          <lines>
            <line number="1" hits="1"/>
            <line number="2" hits="1"/>
          </lines>
        </class>
        <class name="user" filename="app/models/user.rb" line-rate="0.91" complexity="0">
          <methods/>
          <lines>
            <line number="1" hits="1"/>
            <line number="2" hits="1"/>
            <line number="3" hits="1"/>
            <line number="4" hits="1"/>
            <line number="7" hits="1"/>
            <line number="10" hits="1"/>
            <line number="11" hits="1"/>
            <line number="12" hits="1"/>
            <line number="16" hits="1"/>
            <line number="18" hits="1"/>
            <line number="19" hits="0"/>
          </lines>
        </class>
        <class name="application" filename="config/application.rb" line-rate="1.0" complexity="0">
          <methods/>
          <lines>
            <line number="1" hits="1"/>
            <line number="3" hits="1"/>
            <line number="4" hits="1"/>
            <line number="5" hits="1"/>
            <line number="8" hits="1"/>
            <line number="10" hits="1"/>
            <line number="11" hits="1"/>
            <line number="13" hits="1"/>
            <line number="26" hits="1"/>
            <line number="28" hits="1"/>
            <line number="31" hits="2"/>
            <line number="34" hits="1"/>
          </lines>
        </class>
        <class name="boot" filename="config/boot.rb" line-rate="1.0" complexity="0">
          <methods/>
          <lines>
            <line number="1" hits="1"/>
            <line number="3" hits="1"/>
            <line number="4" hits="1"/>
          </lines>
        </class>
        <class name="environment" filename="config/environment.rb" line-rate="1.0" complexity="0">
          <methods/>
          <lines>
            <line number="2" hits="1"/>
            <line number="5" hits="1"/>
          </lines>
        </class>
        <class name="development" filename="config/environments/development.rb" line-rate="0.9" complexity="0">
          <methods/>
          <lines>
            <line number="1" hits="1"/>
            <line number="3" hits="1"/>
            <line number="9" hits="1"/>
            <line number="12" hits="1"/>
            <line number="15" hits="1"/>
            <line number="18" hits="1"/>
            <line number="22" hits="1"/>
            <line number="23" hits="0"/>
            <line number="24" hits="0"/>
            <line number="28" hits="1"/>
            <line number="30" hits="1"/>
            <line number="34" hits="1"/>
            <line number="37" hits="1"/>
            <line number="39" hits="1"/>
            <line number="42" hits="1"/>
            <line number="45" hits="1"/>
            <line number="48" hits="1"/>
            <line number="51" hits="1"/>
            <line number="54" hits="1"/>
            <line number="66" hits="1"/>
          </lines>
        </class>
        <class name="cors" filename="config/initializers/cors.rb" line-rate="1.0" complexity="0">
          <methods/>
          <lines>
            <line number="8" hits="1"/>
            <line number="9" hits="1"/>
            <line number="10" hits="1"/>
            <line number="12" hits="1"/>
          </lines>
        </class>
        <class name="devise" filename="config/initializers/devise.rb" line-rate="1.0" complexity="0">
          <methods/>
          <lines>
            <line number="11" hits="1"/>
            <line number="27" hits="1"/>
            <line number="39" hits="1"/>
            <line number="61" hits="1"/>
            <line number="66" hits="1"/>
            <line number="100" hits="1"/>
            <line number="126" hits="1"/>
            <line number="160" hits="1"/>
            <line number="170" hits="1"/>
            <line number="181" hits="1"/>
            <line number="186" hits="1"/>
            <line number="227" hits="1"/>
            <line number="267" hits="1"/>
            <line number="270" hits="1"/>
            <line number="306" hits="1"/>
            <line number="307" hits="1"/>
            <line number="315" hits="1"/>
            <line number="316" hits="1"/>
            <line number="317" hits="1"/>
            <line number="320" hits="1"/>
            <line number="323" hits="1"/>
          </lines>
        </class>
        <class name="filter_parameter_logging" filename="config/initializers/filter_parameter_logging.rb" line-rate="1.0" complexity="0">
          <methods/>
          <lines>
            <line number="6" hits="1"/>
          </lines>
        </class>
        <class name="generators" filename="config/initializers/generators.rb" line-rate="1.0" complexity="0">
          <methods/>
          <lines>
            <line number="2" hits="1"/>
            <line number="3" hits="1"/>
          </lines>
        </class>
        <class name="inflections" filename="config/initializers/inflections.rb" line-rate="1.0" complexity="0">
          <methods/>
          <lines/>
        </class>
        <class name="rolify" filename="config/initializers/rolify.rb" line-rate="1.0" complexity="0">
          <methods/>
          <lines>
            <line number="1" hits="1"/>
          </lines>
        </class>
        <class name="rswag_api" filename="config/initializers/rswag_api.rb" line-rate="1.0" complexity="0">
          <methods/>
          <lines>
            <line number="1" hits="1"/>
            <line number="7" hits="1"/>
          </lines>
        </class>
        <class name="rswag_ui" filename="config/initializers/rswag_ui.rb" line-rate="1.0" complexity="0">
          <methods/>
          <lines>
            <line number="1" hits="1"/>
            <line number="11" hits="1"/>
          </lines>
        </class>
        <class name="routes" filename="config/routes.rb" line-rate="1.0" complexity="0">
          <methods/>
          <lines>
            <line number="1" hits="1"/>
            <line number="2" hits="1"/>
            <line number="3" hits="1"/>
            <line number="5" hits="1"/>
            <line number="6" hits="1"/>
            <line number="7" hits="1"/>
            <line number="12" hits="1"/>
            <line number="13" hits="1"/>
            <line number="14" hits="1"/>
          </lines>
        </class>
        <class name="catch_rack_errors" filename="lib/middleware/catch_rack_errors.rb" line-rate="0.63" complexity="0">
          <methods/>
          <lines>
            <line number="1" hits="1"/>
            <line number="2" hits="1"/>
            <line number="3" hits="1"/>
            <line number="4" hits="1"/>
            <line number="7" hits="1"/>
            <line number="9" hits="0"/>
            <line number="10" hits="0"/>
            <line number="12" hits="0"/>
          </lines>
        </class>
        <class name="roles" filename="spec/factories/roles.rb" line-rate="1.0" complexity="0">
          <methods/>
          <lines>
            <line number="1" hits="1"/>
            <line number="2" hits="1"/>
            <line number="3" hits="1"/>
          </lines>
        </class>
        <class name="users" filename="spec/factories/users.rb" line-rate="1.0" complexity="0">
          <methods/>
          <lines>
            <line number="1" hits="1"/>
            <line number="2" hits="1"/>
            <line number="3" hits="1"/>
            <line number="4" hits="1"/>
            <line number="5" hits="1"/>
          </lines>
        </class>
        <class name="rails_helper" filename="spec/rails_helper.rb" line-rate="0.94" complexity="0">
          <methods/>
          <lines>
            <line number="2" hits="1"/>
            <line number="3" hits="1"/>
            <line number="4" hits="1"/>
            <line number="6" hits="1"/>
            <line number="7" hits="1"/>
            <line number="9" hits="1"/>
            <line number="10" hits="1"/>
            <line number="31" hits="1"/>
            <line number="33" hits="0"/>
            <line number="35" hits="1"/>
            <line number="37" hits="1"/>
            <line number="42" hits="1"/>
            <line number="60" hits="1"/>
            <line number="63" hits="1"/>
            <line number="68" hits="1"/>
            <line number="69" hits="1"/>
            <line number="70" hits="1"/>
            <line number="71" hits="1"/>
          </lines>
        </class>
        <class name="registrations_spec" filename="spec/requests/api/v1/auth/registrations_spec.rb" line-rate="0.51" complexity="0">
          <methods/>
          <lines>
            <line number="58" hits="1"/>
            <line number="60" hits="1"/>
            <line number="61" hits="1"/>
            <line number="62" hits="1"/>
            <line number="63" hits="1"/>
            <line number="64" hits="1"/>
            <line number="79" hits="1"/>
            <line number="80" hits="1"/>
            <line number="81" hits="1"/>
            <line number="83" hits="1"/>
            <line number="86" hits="0"/>
            <line number="87" hits="0"/>
            <line number="88" hits="0"/>
            <line number="89" hits="0"/>
            <line number="90" hits="0"/>
            <line number="91" hits="0"/>
            <line number="92" hits="0"/>
            <line number="96" hits="1"/>
            <line number="97" hits="1"/>
            <line number="98" hits="1"/>
            <line number="100" hits="1"/>
            <line number="101" hits="0"/>
            <line number="102" hits="0"/>
            <line number="103" hits="0"/>
            <line number="104" hits="0"/>
            <line number="105" hits="0"/>
            <line number="109" hits="1"/>
            <line number="110" hits="1"/>
            <line number="111" hits="1"/>
            <line number="113" hits="1"/>
            <line number="114" hits="0"/>
            <line number="115" hits="0"/>
            <line number="116" hits="0"/>
            <line number="117" hits="0"/>
            <line number="118" hits="0"/>
          </lines>
        </class>
        <class name="sessions_spec" filename="spec/requests/api/v1/auth/sessions_spec.rb" line-rate="0.51" complexity="0">
          <methods/>
          <lines>
            <line number="1" hits="1"/>
            <line number="3" hits="1"/>
            <line number="5" hits="1"/>
            <line number="9" hits="1"/>
            <line number="10" hits="1"/>
            <line number="11" hits="1"/>
            <line number="12" hits="1"/>
            <line number="26" hits="1"/>
            <line number="27" hits="1"/>
            <line number="28" hits="1"/>
            <line number="30" hits="0"/>
            <line number="37" hits="1"/>
            <line number="38" hits="0"/>
            <line number="39" hits="0"/>
            <line number="40" hits="0"/>
            <line number="41" hits="0"/>
            <line number="42" hits="0"/>
            <line number="47" hits="1"/>
            <line number="48" hits="1"/>
            <line number="50" hits="0"/>
            <line number="57" hits="1"/>
            <line number="58" hits="0"/>
            <line number="59" hits="0"/>
            <line number="60" hits="0"/>
            <line number="61" hits="0"/>
            <line number="67" hits="1"/>
            <line number="68" hits="1"/>
            <line number="70" hits="0"/>
            <line number="77" hits="1"/>
            <line number="78" hits="0"/>
            <line number="79" hits="0"/>
            <line number="80" hits="0"/>
            <line number="81" hits="0"/>
            <line number="88" hits="1"/>
            <line number="89" hits="1"/>
            <line number="90" hits="1"/>
            <line number="91" hits="1"/>
            <line number="92" hits="1"/>
            <line number="94" hits="1"/>
            <line number="96" hits="1"/>
            <line number="97" hits="0"/>
            <line number="98" hits="0"/>
            <line number="101" hits="1"/>
            <line number="102" hits="0"/>
            <line number="105" hits="1"/>
            <line number="106" hits="0"/>
            <line number="107" hits="0"/>
            <line number="108" hits="0"/>
            <line number="112" hits="1"/>
            <line number="114" hits="1"/>
            <line number="115" hits="0"/>
            <line number="118" hits="1"/>
            <line number="119" hits="0"/>
            <line number="120" hits="0"/>
            <line number="121" hits="0"/>
            <line number="122" hits="0"/>
            <line number="129" hits="1"/>
            <line number="130" hits="0"/>
            <line number="136" hits="0"/>
          </lines>
        </class>
        <class name="users_spec" filename="spec/requests/api/v1/users_spec.rb" line-rate="0.63" complexity="0">
          <methods/>
          <lines>
            <line number="1" hits="1"/>
            <line number="2" hits="1"/>
            <line number="4" hits="1"/>
            <line number="7" hits="1"/>
            <line number="8" hits="1"/>
            <line number="9" hits="1"/>
            <line number="10" hits="1"/>
            <line number="11" hits="1"/>
            <line number="12" hits="1"/>
            <line number="15" hits="1"/>
            <line number="17" hits="1"/>
            <line number="18" hits="0"/>
            <line number="19" hits="0"/>
            <line number="22" hits="1"/>
            <line number="23" hits="0"/>
            <line number="37" hits="1"/>
            <line number="38" hits="0"/>
            <line number="39" hits="0"/>
            <line number="40" hits="0"/>
            <line number="48" hits="1"/>
            <line number="49" hits="1"/>
            <line number="50" hits="1"/>
            <line number="51" hits="1"/>
            <line number="52" hits="1"/>
            <line number="54" hits="1"/>
            <line number="56" hits="1"/>
            <line number="57" hits="0"/>
            <line number="58" hits="0"/>
            <line number="61" hits="1"/>
            <line number="62" hits="0"/>
            <line number="65" hits="1"/>
            <line number="68" hits="1"/>
            <line number="69" hits="0"/>
            <line number="70" hits="0"/>
            <line number="71" hits="0"/>
            <line number="79" hits="1"/>
            <line number="83" hits="0"/>
            <line number="89" hits="0"/>
          </lines>
        </class>
        <class name="swagger_helper" filename="spec/swagger_helper.rb" line-rate="1.0" complexity="0">
          <methods/>
          <lines>
            <line number="3" hits="1"/>
            <line number="5" hits="1"/>
            <line number="9" hits="1"/>
            <line number="17" hits="1"/>
            <line number="87" hits="1"/>
          </lines>
        </class>
      </classes>
    </package>
  </packages>
</coverage>